[LOG] System::create                           : Header version = 2.02.11. Current version = 2.02.11.
[LOG] Manager::init                            : maxchannels = 256 studioflags = 00000006 flags 00000000 extradriverdata 0x0.
[LOG] SystemI::init                            : Initialize version=20211 (130436), maxchannels=256, flags=0x00020000
[LOG] SystemI::setOutputInternal               : Setting output to 'FMOD Core Audio Output'
[LOG] OutputCoreAudio::init                    : Output running 2 channels at 48000Hz sample rate.
[LOG] OutputCoreAudio::init                    : Maximum hardware read size: 512 samples, Software buffer size: 512 samples, Number of software buffers: 4.
[LOG] Thread::initThread                       : Init FMOD stream thread. Affinity: 0x4000000000000003, Priority: 0xFFFF7FFB, Stack Size: 98304, Semaphore: No, Sleep Time: 10, Looping: Yes.
[LOG] Thread::initThread                       : Init FMOD mixer thread. Affinity: 0x4000000000000001, Priority: 0xFFFF7FFA, Stack Size: 81920, Semaphore: Yes, Sleep Time: 0, Looping: Yes.
[LOG] AsyncManager::init                       : manager 0x7faca03c0608 isAsync 0 updatePeriod 0.02
[LOG] AsyncManager::init                       : done
[LOG] PlaybackSystem::init                     : 
[LOG] Thread::initThread                       : Init FMOD Studio sample load thread. Affinity: 0x4000000000000003, Priority: 0xFFFF7FFD, Stack Size: 98304, Semaphore: No, Sleep Time: 1, Looping: No.
[LOG] PlaybackSystem::init                     : done
[LOG] Thread::initThread                       : Init FMOD Studio bank load thread. Affinity: 0x4000000000000003, Priority: 0xFFFF7FFD, Stack Size: 98304, Semaphore: No, Sleep Time: 1, Looping: No.
[LOG] Manager::init                            : done.
[LOG] Manager::readBank                        : fileversion = 142, compatVersion = 140 (oldest = 44, newest = 142)
[LOG] Manager::readBank                        : fileversion = 142, compatVersion = 140 (oldest = 44, newest = 142)
[LOG] Manager::readBank                        : fileversion = 142, compatVersion = 140 (oldest = 44, newest = 142)
[LOG] Manager::readBank                        : fileversion = 142, compatVersion = 140 (oldest = 44, newest = 142)
[LOG] PlaybackSystem::acquireMasterBus         : Setting master channel group format to 3
[LOG] Manager::readBank                        : fileversion = 142, compatVersion = 140 (oldest = 44, newest = 142)
[LOG] Manager::readBank                        : fileversion = 142, compatVersion = 140 (oldest = 44, newest = 142)
[LOG] AsyncThread::add                         : add sound to async queue : soundi = 0x7faca6994418, queue head = 0x7faca6870ad8, queue count = 0
[LOG] AsyncThread::threadFunc                  : Starting Asynchronous operation on sound 0x7faca6994418
[LOG] AsyncThread::threadFunc                  : Finished Asynchronous operation on sound 0x7faca6994418
[LOG] SoundI::release                          :  (0x7faca7096ab8)
[LOG] SoundI::release                          :     FF_WP_foley_microwave_beep_low_attack (0x7faca7094978)
[LOG] SoundI::release                          :  (0x7faca702c0c8)
[LOG] SoundI::release                          :     FF_WP_foley_paper_pageturn_basic (0x7faca709b0d8)
[LOG] SoundI::release                          :  (0x7fac9151ecc8)
[LOG] SoundI::release                          :     FF_WP_foley_percolating_coffee_rumble (0x7faca3f54fe8)
[LOG] SoundI::release                          : GGJ23_Day (0x7faca6883ce8)
[LOG] SoundI::release                          :     GGJ23_Day (0x7faca6994288)
[LOG] SoundI::release                          :     GGJ23_Day (0x7faca6994418)
[LOG] SoundI::release                          :  (0x7faca3cde988)
[LOG] SoundI::release                          :     FF_WP_foley_teaspoon_attention_everyone (0x7faca7066e38)
[LOG] SoundI::release                          :  (0x7faca705f3b8)
[LOG] SoundI::release                          :     BRS_Computer_Typing_Seq_Short_1 (0x7faca3cb7168)
[LOG] SoundI::release                          :  (0x7faca3a6f4f8)
[LOG] SoundI::release                          :     BRS_Computer_Typing_Single_1 (0x7faca3a6f668)
[LOG] SoundI::release                          :  (0x7faca6fe3278)
[LOG] SoundI::release                          :     GGJ_23_Storage_Room (0x7faca741a498)
[LOG] SoundI::release                          :  (0x7faca6dd3f08)
[LOG] SoundI::release                          :     GGJ_23_Reception (0x7faca6db94a8)
[LOG] Thread::callback                         : FMOD Studio update thread finished.
[LOG] Thread::callback                         : FMOD Studio bank load thread finished.
[LOG] ProfileClient::markForDead               : Closing client connection
[LOG] ProfileClient::recvThreadLoopFunction    : Socket disconnected
[LOG] Thread::callback                         : FMOD profiler thread (recv) finished.
[LOG] Profile::disconnectAll                   : Profiler disconnecting all clients
[LOG] Thread::callback                         : FMOD profiler thread (send) finished.
[LOG] Thread::callback                         : FMOD Studio sample load thread finished.
[LOG] LiveUpdate::release                      : 
[LOG] LiveUpdate::reset                        : Reset connection (reason Disconnected)
[LOG] Thread::callback                         : FMOD stream thread finished.
[LOG] Thread::callback                         : FMOD mixer thread finished.
[LOG] Profile::disconnectAll                   : Profiler disconnecting all clients
[LOG] SystemI::close                           : Closed.
